<?xml version="1.0" encoding="UTF-8"?>
<testng-results skipped="0" failed="0" total="6" passed="6">
  <reporter-output>
  </reporter-output>
  <suite name="Default suite" duration-ms="81185" started-at="2019-08-09T13:30:03Z" finished-at="2019-08-09T13:31:25Z">
    <groups>
    </groups>
    <test name="Default test" duration-ms="81185" started-at="2019-08-09T13:30:03Z" finished-at="2019-08-09T13:31:25Z">
      <class name="com.adminlte.test.RegistrationPageTest">
        <test-method status="PASS" signature="setUp()[pri:0, instance:com.adminlte.test.RegistrationPageTest@96532d6]" name="setUp" is-config="true" duration-ms="28581" started-at="2019-08-09T19:00:05Z" finished-at="2019-08-09T19:00:34Z">
          <reporter-output>
          </reporter-output>
        </test-method> <!-- setUp -->
        <test-method status="PASS" signature="createRegistrationTest(java.lang.String, java.lang.String, java.lang.String, java.lang.String)[pri:3, instance:com.adminlte.test.RegistrationPageTest@96532d6]" name="createRegistrationTest" duration-ms="3362" started-at="2019-08-09T19:00:34Z" data-provider="getRegTestData" finished-at="2019-08-09T19:00:37Z">
          <params>
            <param index="0">
              <value>
                <![CDATA[akash]]>
              </value>
            </param>
            <param index="1">
              <value>
                <![CDATA[9.89045451E8]]>
              </value>
            </param>
            <param index="2">
              <value>
                <![CDATA[aks@gmail.com]]>
              </value>
            </param>
            <param index="3">
              <value>
                <![CDATA[1.5415511E7]]>
              </value>
            </param>
          </params>
          <reporter-output>
          </reporter-output>
        </test-method> <!-- createRegistrationTest -->
        <test-method status="PASS" signature="tearDown()[pri:0, instance:com.adminlte.test.RegistrationPageTest@96532d6]" name="tearDown" is-config="true" duration-ms="2984" started-at="2019-08-09T19:00:37Z" finished-at="2019-08-09T19:00:40Z">
          <reporter-output>
          </reporter-output>
        </test-method> <!-- tearDown -->
        <test-method status="PASS" signature="setUp()[pri:0, instance:com.adminlte.test.RegistrationPageTest@96532d6]" name="setUp" is-config="true" duration-ms="15609" started-at="2019-08-09T19:00:40Z" finished-at="2019-08-09T19:00:56Z">
          <reporter-output>
          </reporter-output>
        </test-method> <!-- setUp -->
        <test-method status="PASS" signature="createRegistrationTest(java.lang.String, java.lang.String, java.lang.String, java.lang.String)[pri:3, instance:com.adminlte.test.RegistrationPageTest@96532d6]" name="createRegistrationTest" duration-ms="1503" started-at="2019-08-09T19:00:56Z" data-provider="getRegTestData" finished-at="2019-08-09T19:00:57Z">
          <params>
            <param index="0">
              <value>
                <![CDATA[kishor]]>
              </value>
            </param>
            <param index="1">
              <value>
                <![CDATA[5.4400021541E10]]>
              </value>
            </param>
            <param index="2">
              <value>
                <![CDATA[aks@gmail.com]]>
              </value>
            </param>
            <param index="3">
              <value>
                <![CDATA[11411.0]]>
              </value>
            </param>
          </params>
          <reporter-output>
          </reporter-output>
        </test-method> <!-- createRegistrationTest -->
        <test-method status="PASS" signature="tearDown()[pri:0, instance:com.adminlte.test.RegistrationPageTest@96532d6]" name="tearDown" is-config="true" duration-ms="900" started-at="2019-08-09T19:00:57Z" finished-at="2019-08-09T19:00:58Z">
          <reporter-output>
          </reporter-output>
        </test-method> <!-- tearDown -->
        <test-method status="PASS" signature="setUp()[pri:0, instance:com.adminlte.test.RegistrationPageTest@96532d6]" name="setUp" is-config="true" duration-ms="5484" started-at="2019-08-09T19:00:58Z" finished-at="2019-08-09T19:01:04Z">
          <reporter-output>
          </reporter-output>
        </test-method> <!-- setUp -->
        <test-method status="PASS" signature="createRegistrationTest(java.lang.String, java.lang.String, java.lang.String, java.lang.String)[pri:3, instance:com.adminlte.test.RegistrationPageTest@96532d6]" name="createRegistrationTest" duration-ms="986" started-at="2019-08-09T19:01:04Z" data-provider="getRegTestData" finished-at="2019-08-09T19:01:05Z">
          <params>
            <param index="0">
              <value>
                <![CDATA[akshay]]>
              </value>
            </param>
            <param index="1">
              <value>
                <![CDATA[1.4141101E7]]>
              </value>
            </param>
            <param index="2">
              <value>
                <![CDATA[aks@gmail.com]]>
              </value>
            </param>
            <param index="3">
              <value>
                <![CDATA[1.5241521E7]]>
              </value>
            </param>
          </params>
          <reporter-output>
          </reporter-output>
        </test-method> <!-- createRegistrationTest -->
        <test-method status="PASS" signature="tearDown()[pri:0, instance:com.adminlte.test.RegistrationPageTest@96532d6]" name="tearDown" is-config="true" duration-ms="939" started-at="2019-08-09T19:01:05Z" finished-at="2019-08-09T19:01:06Z">
          <reporter-output>
          </reporter-output>
        </test-method> <!-- tearDown -->
        <test-method status="PASS" signature="setUp()[pri:0, instance:com.adminlte.test.RegistrationPageTest@96532d6]" name="setUp" is-config="true" duration-ms="4480" started-at="2019-08-09T19:01:06Z" finished-at="2019-08-09T19:01:10Z">
          <reporter-output>
          </reporter-output>
        </test-method> <!-- setUp -->
        <test-method status="PASS" signature="createRegistrationTest(java.lang.String, java.lang.String, java.lang.String, java.lang.String)[pri:3, instance:com.adminlte.test.RegistrationPageTest@96532d6]" name="createRegistrationTest" duration-ms="775" started-at="2019-08-09T19:01:10Z" data-provider="getRegTestData" finished-at="2019-08-09T19:01:11Z">
          <params>
            <param index="0">
              <value>
                <![CDATA[nilesh]]>
              </value>
            </param>
            <param index="1">
              <value>
                <![CDATA[1.141001241E9]]>
              </value>
            </param>
            <param index="2">
              <value>
                <![CDATA[aks@gmail.com]]>
              </value>
            </param>
            <param index="3">
              <value>
                <![CDATA[4142121.0]]>
              </value>
            </param>
          </params>
          <reporter-output>
          </reporter-output>
        </test-method> <!-- createRegistrationTest -->
        <test-method status="PASS" signature="tearDown()[pri:0, instance:com.adminlte.test.RegistrationPageTest@96532d6]" name="tearDown" is-config="true" duration-ms="939" started-at="2019-08-09T19:01:11Z" finished-at="2019-08-09T19:01:12Z">
          <reporter-output>
          </reporter-output>
        </test-method> <!-- tearDown -->
        <test-method status="PASS" signature="setUp()[pri:0, instance:com.adminlte.test.RegistrationPageTest@96532d6]" name="setUp" is-config="true" duration-ms="4611" started-at="2019-08-09T19:01:12Z" finished-at="2019-08-09T19:01:16Z">
          <reporter-output>
          </reporter-output>
        </test-method> <!-- setUp -->
        <test-method status="PASS" signature="createRegistrationTest(java.lang.String, java.lang.String, java.lang.String, java.lang.String)[pri:3, instance:com.adminlte.test.RegistrationPageTest@96532d6]" name="createRegistrationTest" duration-ms="740" started-at="2019-08-09T19:01:16Z" data-provider="getRegTestData" finished-at="2019-08-09T19:01:17Z">
          <params>
            <param index="0">
              <value>
                <![CDATA[sachin]]>
              </value>
            </param>
            <param index="1">
              <value>
                <![CDATA[1.21411E7]]>
              </value>
            </param>
            <param index="2">
              <value>
                <![CDATA[aks@gmail.com]]>
              </value>
            </param>
            <param index="3">
              <value>
                <![CDATA[415546.0]]>
              </value>
            </param>
          </params>
          <reporter-output>
          </reporter-output>
        </test-method> <!-- createRegistrationTest -->
        <test-method status="PASS" signature="tearDown()[pri:0, instance:com.adminlte.test.RegistrationPageTest@96532d6]" name="tearDown" is-config="true" duration-ms="897" started-at="2019-08-09T19:01:17Z" finished-at="2019-08-09T19:01:18Z">
          <reporter-output>
          </reporter-output>
        </test-method> <!-- tearDown -->
        <test-method status="PASS" signature="setUp()[pri:0, instance:com.adminlte.test.RegistrationPageTest@96532d6]" name="setUp" is-config="true" duration-ms="4487" started-at="2019-08-09T19:01:18Z" finished-at="2019-08-09T19:01:23Z">
          <reporter-output>
          </reporter-output>
        </test-method> <!-- setUp -->
        <test-method status="PASS" signature="createRegistrationTest(java.lang.String, java.lang.String, java.lang.String, java.lang.String)[pri:3, instance:com.adminlte.test.RegistrationPageTest@96532d6]" name="createRegistrationTest" duration-ms="1083" started-at="2019-08-09T19:01:23Z" data-provider="getRegTestData" finished-at="2019-08-09T19:01:24Z">
          <params>
            <param index="0">
              <value>
                <![CDATA[gotya]]>
              </value>
            </param>
            <param index="1">
              <value>
                <![CDATA[2.1544121E7]]>
              </value>
            </param>
            <param index="2">
              <value>
                <![CDATA[aks@gmail.com]]>
              </value>
            </param>
            <param index="3">
              <value>
                <![CDATA[4.4541455E7]]>
              </value>
            </param>
          </params>
          <reporter-output>
          </reporter-output>
        </test-method> <!-- createRegistrationTest -->
        <test-method status="PASS" signature="tearDown()[pri:0, instance:com.adminlte.test.RegistrationPageTest@96532d6]" name="tearDown" is-config="true" duration-ms="904" started-at="2019-08-09T19:01:24Z" finished-at="2019-08-09T19:01:25Z">
          <reporter-output>
          </reporter-output>
        </test-method> <!-- tearDown -->
      </class> <!-- com.adminlte.test.RegistrationPageTest -->
    </test> <!-- Default test -->
  </suite> <!-- Default suite -->
</testng-results>
