<?xml version="1.0" encoding="UTF-8"?>
<!-- Generated by org.testng.reporters.JUnitXMLReporter -->
<testsuite hostname="DESKTOP-NLD5HU1" name="Test" tests="11" failures="0" timestamp="8 Aug 2019 18:19:40 GMT" time="89.883" errors="0">
  <testcase name="loginPageTitleTest" time="0.032" classname="com.adminlte.test.LoginPageTest"/>
  <testcase name="loginPageLogoTest" time="0.079" classname="com.adminlte.test.LoginPageTest"/>
  <testcase name="loginBoxMsgTest" time="0.074" classname="com.adminlte.test.LoginPageTest"/>
  <testcase name="invalidEmailMsgTest" time="0.641" classname="com.adminlte.test.LoginPageTest"/>
  <testcase name="invalidPwdMsgTest" time="0.317" classname="com.adminlte.test.LoginPageTest"/>
  <testcase name="membershipLinkTest" time="0.296" classname="com.adminlte.test.LoginPageTest"/>
  <testcase name="loginTest" time="0.407" classname="com.adminlte.test.LoginPageTest"/>
  <testcase name="titleTest" time="0.011" classname="com.adminlte.test.RegistrationPageTest"/>
  <testcase name="VerifyRegBoxTextTest" time="0.078" classname="com.adminlte.test.RegistrationPageTest"/>
  <testcase name="createRegistrationTest" time="0.0" classname="com.adminlte.test.RegistrationPageTest">
    <skipped/>
  </testcase> <!-- createRegistrationTest -->
  <testcase name="clickOnMembershipTest" time="0.274" classname="com.adminlte.test.RegistrationPageTest"/>
</testsuite> <!-- Test -->
