<?xml version="1.0" encoding="UTF-8"?>
<!-- Generated by org.testng.reporters.JUnitXMLReporter -->
<testsuite hostname="DESKTOP-NLD5HU1" name="Default test" tests="6" failures="0" timestamp="9 Aug 2019 13:31:25 GMT" time="81.185" errors="0">
  <testcase name="createRegistrationTest" time="3.362" classname="com.adminlte.test.RegistrationPageTest"/>
  <testcase name="createRegistrationTest" time="1.503" classname="com.adminlte.test.RegistrationPageTest"/>
  <testcase name="createRegistrationTest" time="0.986" classname="com.adminlte.test.RegistrationPageTest"/>
  <testcase name="createRegistrationTest" time="0.775" classname="com.adminlte.test.RegistrationPageTest"/>
  <testcase name="createRegistrationTest" time="0.74" classname="com.adminlte.test.RegistrationPageTest"/>
  <testcase name="createRegistrationTest" time="1.083" classname="com.adminlte.test.RegistrationPageTest"/>
</testsuite> <!-- Default test -->
